2019-05-20T17:10:12.878+0200	INFO	instance/beat.go:571	Home path: [/home/alex/Downloads/filebeat-7.0.1-linux-x86_64] Config path: [/home/alex/Downloads/filebeat-7.0.1-linux-x86_64] Data path: [/home/alex/Downloads/filebeat-7.0.1-linux-x86_64/data] Logs path: [/home/alex/Downloads/filebeat-7.0.1-linux-x86_64/logs]
2019-05-20T17:10:12.878+0200	INFO	instance/beat.go:579	Beat ID: daaaeecb-18f8-46b8-bf71-590fae31c5ba
2019-05-20T17:10:12.878+0200	INFO	[index-management.ilm]	ilm/ilm.go:129	Policy name: filebeat-7.0.1
2019-05-20T17:10:12.879+0200	INFO	[seccomp]	seccomp/seccomp.go:116	Syscall filter successfully installed
2019-05-20T17:10:12.879+0200	INFO	[beat]	instance/beat.go:827	Beat info	{"system_info": {"beat": {"path": {"config": "/home/alex/Downloads/filebeat-7.0.1-linux-x86_64", "data": "/home/alex/Downloads/filebeat-7.0.1-linux-x86_64/data", "home": "/home/alex/Downloads/filebeat-7.0.1-linux-x86_64", "logs": "/home/alex/Downloads/filebeat-7.0.1-linux-x86_64/logs"}, "type": "filebeat", "uuid": "daaaeecb-18f8-46b8-bf71-590fae31c5ba"}}}
2019-05-20T17:10:12.879+0200	INFO	[beat]	instance/beat.go:836	Build info	{"system_info": {"build": {"commit": "cbffb4dcc8d1d2b0ef2078cb7d7546092ee86e57", "libbeat": "7.0.1", "time": "2019-04-29T12:09:21.000Z", "version": "7.0.1"}}}
2019-05-20T17:10:12.879+0200	INFO	[beat]	instance/beat.go:839	Go runtime info	{"system_info": {"go": {"os":"linux","arch":"amd64","max_procs":8,"version":"go1.11.5"}}}
2019-05-20T17:10:12.883+0200	INFO	[beat]	instance/beat.go:843	Host info	{"system_info": {"host": {"architecture":"x86_64","boot_time":"2019-05-19T16:23:39+02:00","containerized":false,"name":"alex","ip":["127.0.0.1/8","::1/128","192.168.1.101/24","fdba:fc80:da83::10e/128","fd0f:f62c:cf56:4::10e/128","fdba:fc80:da83:0:95ad:ead3:b0a4:56a5/64","fdba:fc80:da83:0:86e9:a60b:daf4:a5e6/64","fd0f:f62c:cf56:4:95ad:ead3:b0a4:56a5/64","fd0f:f62c:cf56:4:39f:86d4:3793:c41c/64","fe80::331a:3623:3f97:3976/64","147.32.218.85/22","fe80::2bba:5bf3:2be:1704/64","172.17.0.1/16","fe80::42:6fff:feae:518d/64","172.18.0.1/16","172.20.0.1/16","fe80::42:c9ff:fe36:86ca/64","fe80::8090:a0ff:febe:51dc/64","fe80::702e:67ff:fe4b:75a/64","fe80::12:a4ff:fe59:fcbf/64","fe80::ec7d:77ff:fe27:220f/64"],"kernel_version":"4.15.0-50-generic","mac":["d4:be:d9:22:09:8e","9c:b7:0d:8b:42:a0","02:42:6f:ae:51:8d","02:42:cd:3e:d9:22","02:42:c9:36:86:ca","82:90:a0:be:51:dc","72:2e:67:4b:07:5a","02:12:a4:59:fc:bf","ee:7d:77:27:22:0f"],"os":{"family":"debian","platform":"ubuntu","name":"Ubuntu","version":"18.04.2 LTS (Bionic Beaver)","major":18,"minor":4,"patch":2,"codename":"bionic"},"timezone":"CEST","timezone_offset_sec":7200,"id":"9535129f00004d5ea8af540696fc20eb"}}}
2019-05-20T17:10:12.883+0200	INFO	[beat]	instance/beat.go:872	Process info	{"system_info": {"process": {"capabilities": {"inheritable":null,"permitted":null,"effective":null,"bounding":["chown","dac_override","dac_read_search","fowner","fsetid","kill","setgid","setuid","setpcap","linux_immutable","net_bind_service","net_broadcast","net_admin","net_raw","ipc_lock","ipc_owner","sys_module","sys_rawio","sys_chroot","sys_ptrace","sys_pacct","sys_admin","sys_boot","sys_nice","sys_resource","sys_time","sys_tty_config","mknod","lease","audit_write","audit_control","setfcap","mac_override","mac_admin","syslog","wake_alarm","block_suspend","audit_read"],"ambient":null}, "cwd": "/home/alex/Downloads/filebeat-7.0.1-linux-x86_64", "exe": "/home/alex/Downloads/filebeat-7.0.1-linux-x86_64/filebeat", "name": "filebeat", "pid": 20400, "ppid": 28589, "seccomp": {"mode":"filter","no_new_privs":true}, "start_time": "2019-05-20T17:10:12.390+0200"}}}
2019-05-20T17:10:12.883+0200	INFO	instance/beat.go:280	Setup Beat: filebeat; Version: 7.0.1
2019-05-20T17:10:12.884+0200	INFO	[publisher]	pipeline/module.go:97	Beat name: alex
2019-05-20T17:10:12.884+0200	INFO	instance/beat.go:391	filebeat start running.
2019-05-20T17:10:12.884+0200	INFO	[monitoring]	log/log.go:117	Starting metrics logging every 30s
2019-05-20T17:10:12.884+0200	INFO	registrar/registrar.go:145	Loading registrar data from /home/alex/Downloads/filebeat-7.0.1-linux-x86_64/data/registry/filebeat/data.json
2019-05-20T17:10:12.884+0200	INFO	registrar/registrar.go:152	States Loaded from registrar: 1
2019-05-20T17:10:12.884+0200	WARN	beater/filebeat.go:357	Filebeat is unable to load the Ingest Node pipelines for the configured modules because the Elasticsearch output is not configured/enabled. If you have already loaded the Ingest Node pipelines or are using Logstash pipelines, you can ignore this warning.
2019-05-20T17:10:12.884+0200	INFO	crawler/crawler.go:72	Loading Inputs: 1
2019-05-20T17:10:12.885+0200	INFO	log/input.go:138	Configured paths: [/home/alex/Documents/str/backup/tmp/*-brk.json]
2019-05-20T17:10:12.885+0200	INFO	input/input.go:114	Starting input of type: log; ID: 13112771478349268762 
2019-05-20T17:10:12.885+0200	INFO	crawler/crawler.go:106	Loading and starting Inputs completed. Enabled inputs: 1
2019-05-20T17:10:41.582+0200	INFO	beater/filebeat.go:432	Stopping filebeat
2019-05-20T17:10:41.582+0200	INFO	crawler/crawler.go:139	Stopping Crawler
2019-05-20T17:10:41.582+0200	INFO	crawler/crawler.go:149	Stopping 1 inputs
2019-05-20T17:10:41.582+0200	INFO	input/input.go:149	input ticker stopped
2019-05-20T17:10:41.582+0200	INFO	input/input.go:167	Stopping Input: 13112771478349268762
2019-05-20T17:10:41.582+0200	INFO	crawler/crawler.go:165	Crawler stopped
2019-05-20T17:10:41.583+0200	INFO	registrar/registrar.go:367	Stopping Registrar
2019-05-20T17:10:41.583+0200	INFO	registrar/registrar.go:293	Ending Registrar
2019-05-20T17:10:41.666+0200	INFO	[monitoring]	log/log.go:152	Total non-zero metrics	{"monitoring": {"metrics": {"beat":{"cpu":{"system":{"ticks":20,"time":{"ms":24}},"total":{"ticks":50,"time":{"ms":62},"value":50},"user":{"ticks":30,"time":{"ms":38}}},"handles":{"limit":{"hard":4096,"soft":1024},"open":5},"info":{"ephemeral_id":"22c752b3-9c84-4862-bb00-a68357a96fb7","uptime":{"ms":28796}},"memstats":{"gc_next":4194304,"memory_alloc":2192312,"memory_total":6127280,"rss":27041792}},"filebeat":{"events":{"added":1,"done":1},"harvester":{"open_files":0,"running":0}},"libbeat":{"config":{"module":{"running":0}},"output":{"type":"logstash"},"pipeline":{"clients":0,"events":{"active":0,"filtered":1,"total":1}}},"registrar":{"states":{"current":1,"update":1},"writes":{"success":2,"total":2}},"system":{"cpu":{"cores":8},"load":{"1":0.63,"15":1.05,"5":0.87,"norm":{"1":0.0788,"15":0.1313,"5":0.1088}}}}}}
2019-05-20T17:10:41.666+0200	INFO	[monitoring]	log/log.go:153	Uptime: 28.80238998s
2019-05-20T17:10:41.666+0200	INFO	[monitoring]	log/log.go:130	Stopping metrics logging.
2019-05-20T17:10:41.666+0200	INFO	instance/beat.go:401	filebeat stopped.
